🔍 Verificando URLs pbs.twimg.com/media/ em arquivos notas...


Verificando: src/content/notas/2018/2018-06-05-141144.md
URLs pbs.twimg.com/media/ encontradas: 1
  Testando: https://pbs.twimg.com/media/De8YcphWkAEzfoR.jpg
    ❌ 404 - URL não encontrada!

Verificando: src/content/notas/2018/2018-06-05-194709.md
URLs pbs.twimg.com/media/ encontradas: 1
  Testando: https://pbs.twimg.com/media/De9lJITW0AMepMP.jpg
    ❌ 404 - URL não encontrada!

Verificando: src/content/notas/2018/2018-07-02-125653.md
URLs pbs.twimg.com/media/ encontradas: 1
  Testando: https://pbs.twimg.com/media/DhHKP5VWsAAWDUP.jpg
    ❌ 404 - URL não encontrada!

Verificando: src/content/notas/2018/2018-07-02-134416.md
URLs pbs.twimg.com/media/ encontradas: 1
  Testando: https://pbs.twimg.com/media/DhHVFbiWkAArYN-.jpg
    ❌ 404 - URL não encontrada!

Verificando: src/content/notas/2018/2018-07-09-233825.md
URLs pbs.twimg.com/media/ encontradas: 1
  Testando: https://pbs.twimg.com/media/DhtgNeAW0AAwgGa.jpg
    ❌ 404 - URL não encontrada!

Verificando: src/content/notas/2018/2018-07-16-214423.md
URLs pbs.twimg.com/media/ encontradas: 1
  Testando: https://pbs.twimg.com/media/DiRJO4BXcAEeTrD.jpg
    ❌ 404 - URL não encontrada!

Verificando: src/content/notas/2018/2018-09-11-171121.md
URLs pbs.twimg.com/media/ encontradas: 1
  Testando: https://pbs.twimg.com/media/Dm1tXTKXoAImt9L.jpg
    ❌ 404 - URL não encontrada!

Verificando: src/content/notas/2018/2018-10-16-100821.md
URLs pbs.twimg.com/media/ encontradas: 1
  Testando: https://pbs.twimg.com/media/DpocIjTXoAEdbYQ.jpg
    ❌ 404 - URL não encontrada!

Verificando: src/content/notas/2018/2018-10-17-195943.md
URLs pbs.twimg.com/media/ encontradas: 1
  Testando: https://pbs.twimg.com/media/DpvtIGoXoAExsCX.jpg
    ❌ 404 - URL não encontrada!

Verificando: src/content/notas/2018/2018-10-22-144857.md
URLs pbs.twimg.com/media/ encontradas: 1
  Testando: https://pbs.twimg.com/media/DqIV9WqWoAE6uM5.jpg
    ❌ 404 - URL não encontrada!

Verificando: src/content/notas/2018/2018-10-25-081841.md
URLs pbs.twimg.com/media/ encontradas: 1
  Testando: https://pbs.twimg.com/media/DqWZZylXcAAkSEC.jpg
    ❌ 404 - URL não encontrada!

Verificando: src/content/notas/2018/2018-10-29-104038.md
URLs pbs.twimg.com/media/ encontradas: 1
  Testando: https://pbs.twimg.com/media/DqrgQRRX0AIQLgc.jpg
    ❌ 404 - URL não encontrada!

Verificando: src/content/notas/2018/2018-10-31-070436.md
URLs pbs.twimg.com/media/ encontradas: 1
  Testando: https://pbs.twimg.com/media/Dq1B_hoWwAAdnJ_.jpg
    ❌ 404 - URL não encontrada!

Verificando: src/content/notas/2018/2018-11-05-183417.md
URLs pbs.twimg.com/media/ encontradas: 1
  Testando: https://pbs.twimg.com/media/DrRCDPyXQAAx41C.jpg
    ❌ 404 - URL não encontrada!

Verificando: src/content/notas/2018/2018-11-16-155642.md
URLs pbs.twimg.com/media/ encontradas: 1
  Testando: https://pbs.twimg.com/media/DsJHekEX4AAzdTn.jpg
    ❌ 404 - URL não encontrada!

Verificando: src/content/notas/2018/2018-11-17-114348.md
URLs pbs.twimg.com/media/ encontradas: 1
  Testando: https://pbs.twimg.com/media/DsNXL24WsAAu_Xm.jpg
    ❌ 404 - URL não encontrada!

Verificando: src/content/notas/2018/2018-11-26-083009.md
URLs pbs.twimg.com/media/ encontradas: 1
  Testando: https://pbs.twimg.com/media/Ds7BKfzXcAARvjF.jpg
    ❌ 404 - URL não encontrada!

Verificando: src/content/notas/2018/2018-12-04-205845.md
URLs pbs.twimg.com/media/ encontradas: 1
  Testando: https://pbs.twimg.com/media/Dtm5OxVXQAAIe_C.jpg
    ❌ 404 - URL não encontrada!

Verificando: src/content/notas/2018/2018-12-28-123508.md
URLs pbs.twimg.com/media/ encontradas: 1
  Testando: https://pbs.twimg.com/media/DvgsHXcWoAEyb0L.jpg
    ❌ 404 - URL não encontrada!

Verificando: src/content/notas/2019/2019-01-30-193141.md
URLs pbs.twimg.com/media/ encontradas: 1
  Testando: https://pbs.twimg.com/media/DyMH6H9WoAEh_1G.jpg
    ❌ 404 - URL não encontrada!

Verificando: src/content/notas/2019/2019-02-22-113642.md
URLs pbs.twimg.com/media/ encontradas: 1
  Testando: https://pbs.twimg.com/media/D0BFf-MW0AAIzpH.jpg
    ❌ 404 - URL não encontrada!

Verificando: src/content/notas/2019/2019-02-27-224150.md
URLs pbs.twimg.com/media/ encontradas: 1
  Testando: https://pbs.twimg.com/media/D0dNsWRWsAAy5kx.jpg
    ❌ 404 - URL não encontrada!

Verificando: src/content/notas/2019/2019-03-06-130840.md
URLs pbs.twimg.com/media/ encontradas: 1
  Testando: https://pbs.twimg.com/media/D0_NoiBXcAAZzID.jpg
    ❌ 404 - URL não encontrada!

Verificando: src/content/notas/2019/2019-03-13-110144.md
URLs pbs.twimg.com/media/ encontradas: 1
  Testando: https://pbs.twimg.com/media/D1iztIeXcAE3vfB.jpg
    ❌ 404 - URL não encontrada!

Verificando: src/content/notas/2019/2019-04-02-190201.md
URLs pbs.twimg.com/media/ encontradas: 1
  Testando: https://pbs.twimg.com/media/D3Lhb3dW0AA0FlN.jpg
    ❌ 404 - URL não encontrada!

Verificando: src/content/notas/2019/2019-04-05-192254.md
URLs pbs.twimg.com/media/ encontradas: 1
  Testando: https://pbs.twimg.com/media/D3bAReRWkAY5uQp.jpg
    ❌ 404 - URL não encontrada!

Verificando: src/content/notas/2019/2019-04-17-152524.md
URLs pbs.twimg.com/media/ encontradas: 1
  Testando: https://pbs.twimg.com/media/D4X_tRdWwAIsf8p.jpg
    ❌ 404 - URL não encontrada!

Verificando: src/content/notas/2019/2019-04-24-085348.md
URLs pbs.twimg.com/media/ encontradas: 1
  Testando: https://pbs.twimg.com/media/D46pM5oW0AUfGT7.jpg
    ❌ 404 - URL não encontrada!

Verificando: src/content/notas/2019/2019-04-30-082507.md
URLs pbs.twimg.com/media/ encontradas: 1
  Testando: https://pbs.twimg.com/media/D5ZcK_jWAAMWK4R.jpg
    ❌ 404 - URL não encontrada!

Verificando: src/content/notas/2019/2019-05-19-235343.md
URLs pbs.twimg.com/media/ encontradas: 1
  Testando: https://pbs.twimg.com/media/D6-m67NW4AEIkiT.jpg
    ❌ 404 - URL não encontrada!

Verificando: src/content/notas/2019/2019-05-27-114934.md
URLs pbs.twimg.com/media/ encontradas: 1
  Testando: https://pbs.twimg.com/media/D7lN5MtWkAAKgmb.jpg
    ❌ 404 - URL não encontrada!

Verificando: src/content/notas/2019/2019-06-14-142640.md
URLs pbs.twimg.com/media/ encontradas: 1
  Testando: https://pbs.twimg.com/media/D9CeeB8XkAEY68e.jpg
    ❌ 404 - URL não encontrada!

Verificando: src/content/notas/2019/2019-07-14-164449.md
URLs pbs.twimg.com/media/ encontradas: 1
  Testando: https://pbs.twimg.com/media/D_ddybsXkAYEWVN.jpg
    ❌ 404 - URL não encontrada!

Verificando: src/content/notas/2019/2019-07-16-111523.md
URLs pbs.twimg.com/media/ encontradas: 1
  Testando: https://pbs.twimg.com/media/D_mlkRmVAAIDu44.jpg
    ❌ 404 - URL não encontrada!

Verificando: src/content/notas/2019/2019-08-30-175640.md
URLs pbs.twimg.com/media/ encontradas: 1
  Testando: https://pbs.twimg.com/media/EDPw8X8X4AEkpGg.jpg
    ❌ 404 - URL não encontrada!

Verificando: src/content/notas/2019/2019-09-02-202231.md
URLs pbs.twimg.com/media/ encontradas: 1
  Testando: https://pbs.twimg.com/media/EDfvG2-XUAAzp8i.jpg
    ❌ 404 - URL não encontrada!

Verificando: src/content/notas/2019/2019-09-18-135623.md
URLs pbs.twimg.com/media/ encontradas: 1
  Testando: https://pbs.twimg.com/media/EEwwKfIW4AAoJ6d.jpg
    ❌ 404 - URL não encontrada!

Verificando: src/content/notas/2019/2019-09-20-153814.md
URLs pbs.twimg.com/media/ encontradas: 1
  Testando: https://pbs.twimg.com/media/EE7apjiWsAUjGf7.jpg
    ❌ 404 - URL não encontrada!

Verificando: src/content/notas/2019/2019-09-24-201231.md
URLs pbs.twimg.com/media/ encontradas: 1
  Testando: https://pbs.twimg.com/media/EFQ_yxmXkAAiPgE.jpg
    ❌ 404 - URL não encontrada!

Verificando: src/content/notas/2019/2019-09-27-110954.md
URLs pbs.twimg.com/media/ encontradas: 1
  Testando: https://pbs.twimg.com/media/EFegXNHWsAAxGvM.jpg
    ❌ 404 - URL não encontrada!

Verificando: src/content/notas/2019/2019-11-12-181155.md
URLs pbs.twimg.com/media/ encontradas: 1
  Testando: https://pbs.twimg.com/media/EJM6FzUWsAIxeOJ.jpg
    ❌ 404 - URL não encontrada!

Verificando: src/content/notas/2019/2019-11-12-183207.md
URLs pbs.twimg.com/media/ encontradas: 1
  Testando: https://pbs.twimg.com/media/EJM-tWLXkAEp0zS.jpg
    ❌ 404 - URL não encontrada!

Verificando: src/content/notas/2019/2019-12-08-185902.md
URLs pbs.twimg.com/media/ encontradas: 1
  Testando: https://pbs.twimg.com/media/ELS-NwwXYAIykmR.jpg
    ❌ 404 - URL não encontrada!

Verificando: src/content/notas/2020/2020-01-16-085000.md
URLs pbs.twimg.com/media/ encontradas: 1
  Testando: https://pbs.twimg.com/media/EOZo0cbX0AEOUfX.jpg
    ❌ 404 - URL não encontrada!

Verificando: src/content/notas/2020/2020-02-05-194642.md
URLs pbs.twimg.com/media/ encontradas: 1
  Testando: https://pbs.twimg.com/media/EQC-7YqXUAEjZrg.jpg
    ❌ 404 - URL não encontrada!

Verificando: src/content/notas/2020/2020-05-20-211037.md
URLs pbs.twimg.com/media/ encontradas: 1
  Testando: https://pbs.twimg.com/media/EYgBDdPWoAA3NIa.jpg
    ❌ 404 - URL não encontrada!

Verificando: src/content/notas/2020/2020-05-22-182729.md
URLs pbs.twimg.com/media/ encontradas: 1
  Testando: https://pbs.twimg.com/media/EYpu5yWWAAEJL9R.jpg
    ❌ 404 - URL não encontrada!

Verificando: src/content/notas/2020/2020-06-12-075748.md
URLs pbs.twimg.com/media/ encontradas: 1
  Testando: https://pbs.twimg.com/media/EaToK35WkAEyhLW.jpg
    ❌ 404 - URL não encontrada!

Verificando: src/content/notas/2020/2020-06-18-165938.md
URLs pbs.twimg.com/media/ encontradas: 1
  Testando: https://pbs.twimg.com/media/Ea0duecXsAUUHqg.jpg
    ❌ 404 - URL não encontrada!

Verificando: src/content/notas/2020/2020-06-25-124836.md
URLs pbs.twimg.com/media/ encontradas: 1
  Testando: https://pbs.twimg.com/media/EbXnZvEWsAAQuj0.png
    ❌ 404 - URL não encontrada!

Verificando: src/content/notas/2020/2020-06-25-220749.md
URLs pbs.twimg.com/media/ encontradas: 1
  Testando: https://pbs.twimg.com/media/EbZnYscWkAAHBnw.jpg
    ❌ 404 - URL não encontrada!

Verificando: src/content/notas/2020/2020-07-29-104206.md
URLs pbs.twimg.com/media/ encontradas: 1
  Testando: https://pbs.twimg.com/media/EeGQgF4WsAIv3jq.jpg
    ❌ 404 - URL não encontrada!

Verificando: src/content/notas/2020/2020-07-29-231807.md
URLs pbs.twimg.com/media/ encontradas: 1
  Testando: https://pbs.twimg.com/media/EeI9irhXkAELu6m.jpg
    ❌ 404 - URL não encontrada!

Verificando: src/content/notas/2020/2020-08-06-105112.md
URLs pbs.twimg.com/media/ encontradas: 1
  Testando: https://pbs.twimg.com/media/EevfTQfXYAQnUfu.jpg
    ❌ 404 - URL não encontrada!

Verificando: src/content/notas/2020/2020-08-07-151433.md
URLs pbs.twimg.com/media/ encontradas: 1
  Testando: https://pbs.twimg.com/media/Ee1lK1tWkAMkG5G.jpg
    ❌ 404 - URL não encontrada!

Verificando: src/content/notas/2020/2020-08-10-151254.md
URLs pbs.twimg.com/media/ encontradas: 1
  Testando: https://pbs.twimg.com/media/EfFBj3jXoAIdL6K.png
    ❌ 404 - URL não encontrada!

Verificando: src/content/notas/2020/2020-08-11-180126.md
URLs pbs.twimg.com/media/ encontradas: 1
  Testando: https://pbs.twimg.com/media/EfKxukoXgAE-hrn.jpg
    ❌ 404 - URL não encontrada!

Verificando: src/content/notas/2020/2020-08-12-162628.md
URLs pbs.twimg.com/media/ encontradas: 1
  Testando: https://pbs.twimg.com/media/EfPlk7fWkAAyOi0.jpg
    ❌ 404 - URL não encontrada!

Verificando: src/content/notas/2020/2020-08-17-142417.md
URLs pbs.twimg.com/media/ encontradas: 1
  Testando: https://pbs.twimg.com/media/Efo5kGKWsAAnJpv.png
    ❌ 404 - URL não encontrada!

Verificando: src/content/notas/2020/2020-09-04-015453.md
URLs pbs.twimg.com/media/ encontradas: 1
  Testando: https://pbs.twimg.com/media/EhC6pnAWoAAY6uC.jpg
    ❌ 404 - URL não encontrada!

Verificando: src/content/notas/2020/2020-12-10-102000.md
URLs pbs.twimg.com/media/ encontradas: 1
  Testando: https://pbs.twimg.com/media/Eo1hVB1WMAYokky.jpg
    ❌ 404 - URL não encontrada!

Verificando: src/content/notas/2021/2021-01-12-134835.md
URLs pbs.twimg.com/media/ encontradas: 1
  Testando: https://pbs.twimg.com/media/Eri8r8xXcAEygg4.jpg
    ❌ 404 - URL não encontrada!

Verificando: src/content/notas/2021/2021-02-10-144612.md
URLs pbs.twimg.com/media/ encontradas: 1
  Testando: https://pbs.twimg.com/media/Et4f-09XEAADa4l.jpg
    ❌ 404 - URL não encontrada!

Verificando: src/content/notas/2021/2021-05-20-103148.md
URLs pbs.twimg.com/media/ encontradas: 1
  Testando: https://pbs.twimg.com/media/E11bJajXMAUBrTN.jpg
    ❌ 404 - URL não encontrada!

Verificando: src/content/notas/2021/2021-06-03-225342.md
URLs pbs.twimg.com/media/ encontradas: 1
  Testando: https://pbs.twimg.com/media/E3ALNFUXoAUkcbx.jpg
    ❌ 404 - URL não encontrada!

Verificando: src/content/notas/2021/2021-08-26-163509.md
URLs pbs.twimg.com/media/ encontradas: 1
  Testando: https://pbs.twimg.com/media/E9vaHLIX0AUBsK5.jpg
    ❌ 404 - URL não encontrada!

Verificando: src/content/notas/2021/2021-09-25-165053.md
URLs pbs.twimg.com/media/ encontradas: 1
  Testando: https://pbs.twimg.com/media/FAJ8wGBXsAQ2jpt.jpg
    ❌ 404 - URL não encontrada!

Verificando: src/content/notas/2021/2021-10-04-201417.md
URLs pbs.twimg.com/media/ encontradas: 1
  Testando: https://pbs.twimg.com/media/FA5CRpUXMAA1rLS.jpg
    ❌ 404 - URL não encontrada!

Verificando: src/content/notas/2021/2021-11-11-123343.md
URLs pbs.twimg.com/media/ encontradas: 1
  Testando: https://pbs.twimg.com/media/FD7FRpMXoAMa-yc.jpg
    ❌ 404 - URL não encontrada!

Verificando: src/content/notas/2021/2021-11-24-164628.md
URLs pbs.twimg.com/media/ encontradas: 1
  Testando: https://pbs.twimg.com/media/FE-7y1kX0AE1_q6.jpg
    ❌ 404 - URL não encontrada!

Verificando: src/content/notas/2021/2021-12-16-110718.md
URLs pbs.twimg.com/media/ encontradas: 1
  Testando: https://pbs.twimg.com/media/FGvBJA5X0Akc6fj.jpg
    ❌ 404 - URL não encontrada!

Verificando: src/content/notas/2022/2022-01-18-091425.md
URLs pbs.twimg.com/media/ encontradas: 1
  Testando: https://pbs.twimg.com/media/FJYjxNIWQAAaXJ2.jpg
    ❌ 404 - URL não encontrada!

Verificando: src/content/notas/2022/2022-01-21-105619.md
URLs pbs.twimg.com/media/ encontradas: 1
  Testando: https://pbs.twimg.com/media/FJoXuAiXsAcHHlh.jpg
    ❌ 404 - URL não encontrada!

Verificando: src/content/notas/2022/2022-01-23-002827.md
URLs pbs.twimg.com/media/ encontradas: 1
  Testando: https://pbs.twimg.com/media/FJwbVaIWQAAG6LO.jpg
    ❌ 404 - URL não encontrada!

Verificando: src/content/notas/2022/2022-01-26-141325.md
URLs pbs.twimg.com/media/ encontradas: 1
  Testando: https://pbs.twimg.com/media/FKC07B7XoAERRmO.jpg
    ❌ 404 - URL não encontrada!

Verificando: src/content/notas/2022/2022-02-07-024054.md
URLs pbs.twimg.com/media/ encontradas: 1
  Testando: https://pbs.twimg.com/media/FK-Jf2lWUAAmla7.jpg
    ❌ 404 - URL não encontrada!

Verificando: src/content/notas/2022/2022-02-09-100001.md
URLs pbs.twimg.com/media/ encontradas: 1
  Testando: https://pbs.twimg.com/media/FLIBB1DWYAEYlZX.jpg
    ❌ 404 - URL não encontrada!

Verificando: src/content/notas/2022/2022-02-17-135922.md
URLs pbs.twimg.com/media/ encontradas: 1
  Testando: https://pbs.twimg.com/media/FL0D9e-X0AAK3qm.jpg
    ❌ 404 - URL não encontrada!

Verificando: src/content/notas/2022/2022-02-23-150648.md
URLs pbs.twimg.com/media/ encontradas: 1
  Testando: https://pbs.twimg.com/media/FMTNqHFWUAQsTxT.jpg
    ❌ 404 - URL não encontrada!

Verificando: src/content/notas/2022/2022-02-28-194034.md
URLs pbs.twimg.com/media/ encontradas: 1
  Testando: https://pbs.twimg.com/media/FMt8Q0NXEAUupH5.jpg
    ❌ 404 - URL não encontrada!

Verificando: src/content/notas/2022/2022-03-05-201711.md
URLs pbs.twimg.com/media/ encontradas: 1
  Testando: https://pbs.twimg.com/media/FNH0mciUYAEX09z.png
    ❌ 404 - URL não encontrada!

Verificando: src/content/notas/2022/2022-03-05-203017.md
URLs pbs.twimg.com/media/ encontradas: 1
  Testando: https://pbs.twimg.com/media/FNH3RAgXwAgsPdo.jpg
    ❌ 404 - URL não encontrada!

Verificando: src/content/notas/2022/2022-03-06-154518.md
URLs pbs.twimg.com/media/ encontradas: 1
  Testando: https://pbs.twimg.com/media/FNL_9PXXIAAyRw9.jpg
    ❌ 404 - URL não encontrada!

Verificando: src/content/notas/2022/2022-03-13-161135.md
URLs pbs.twimg.com/media/ encontradas: 1
  Testando: https://pbs.twimg.com/media/FNwIi03XIBQyvc8.png
    ❌ 404 - URL não encontrada!

Verificando: src/content/notas/2022/2022-03-13-225350.md
URLs pbs.twimg.com/media/ encontradas: 1
  Testando: https://pbs.twimg.com/media/FNxlK9SUcAMML1p.jpg
    ❌ 404 - URL não encontrada!

Verificando: src/content/notas/2022/2022-03-20-234314.md
URLs pbs.twimg.com/media/ encontradas: 1
  Testando: https://pbs.twimg.com/media/FOVzm4NX0AUhpX6.jpg
    ❌ 404 - URL não encontrada!

Verificando: src/content/notas/2022/2022-04-03-154921.md
URLs pbs.twimg.com/media/ encontradas: 1
  Testando: https://pbs.twimg.com/media/FPcNZj1XMAYpPNK.jpg
    ❌ 404 - URL não encontrada!

Verificando: src/content/notas/2022/2022-04-03-183049.md
URLs pbs.twimg.com/media/ encontradas: 1
  Testando: https://pbs.twimg.com/media/FPcyW2-X0AMNytx.jpg
    ❌ 404 - URL não encontrada!

Verificando: src/content/notas/2022/2022-04-05-200328.md
URLs pbs.twimg.com/media/ encontradas: 1
  Testando: https://pbs.twimg.com/media/FPnaLs3XsAYIVAN.png
    ❌ 404 - URL não encontrada!

Verificando: src/content/notas/2022/2022-04-08-205646.md
URLs pbs.twimg.com/media/ encontradas: 1
  Testando: https://pbs.twimg.com/media/FP3Dtk0WQAQE1ig.jpg
    ❌ 404 - URL não encontrada!

Verificando: src/content/notas/2022/2022-04-12-204045.md
URLs pbs.twimg.com/media/ encontradas: 1
  Testando: https://pbs.twimg.com/media/FQLmaAiWYAIx-9O.jpg
    ❌ 404 - URL não encontrada!

Verificando: src/content/notas/2022/2022-04-14-204456.md
URLs pbs.twimg.com/media/ encontradas: 1
  Testando: https://pbs.twimg.com/media/FQV6i2PWYAQ0WlO.jpg
    ❌ 404 - URL não encontrada!

Verificando: src/content/notas/2022/2022-04-15-144922.md
URLs pbs.twimg.com/media/ encontradas: 1
  Testando: https://pbs.twimg.com/media/FQZyvzeWQAE_98g.jpg
    ❌ 404 - URL não encontrada!

Verificando: src/content/notas/2022/2022-04-16-011318.md
URLs pbs.twimg.com/media/ encontradas: 1
  Testando: https://pbs.twimg.com/media/FQcBjpTXwAAYnJl.jpg
    ❌ 404 - URL não encontrada!

Verificando: src/content/notas/2022/2022-04-17-042334.md
URLs pbs.twimg.com/media/ encontradas: 1
  Testando: https://pbs.twimg.com/media/FQh2spCXwAM2fPO.jpg
    ❌ 404 - URL não encontrada!

Verificando: src/content/notas/2022/2022-04-18-233635.md
URLs pbs.twimg.com/media/ encontradas: 1
  Testando: https://pbs.twimg.com/media/FQrIMToWQAABF2J.jpg
    ❌ 404 - URL não encontrada!

Verificando: src/content/notas/2022/2022-04-23-202115.md
URLs pbs.twimg.com/media/ encontradas: 1
  Testando: https://pbs.twimg.com/media/FRELZ3fWYAYvYLD.jpg
    ❌ 404 - URL não encontrada!

Verificando: src/content/notas/2022/2022-04-23-204635.md
URLs pbs.twimg.com/media/ encontradas: 1
  Testando: https://pbs.twimg.com/media/FRERMfbXwAEvyoK.jpg
    ❌ 404 - URL não encontrada!

Verificando: src/content/notas/2022/2022-04-27-230451.md
URLs pbs.twimg.com/media/ encontradas: 1
  Testando: https://pbs.twimg.com/media/FRZXPElWUAE_coh.jpg
    ❌ 404 - URL não encontrada!

Verificando: src/content/notas/2022/2022-05-04-193934.md
URLs pbs.twimg.com/media/ encontradas: 1
  Testando: https://pbs.twimg.com/media/FR8q51lX0AIUgTR.jpg
    ❌ 404 - URL não encontrada!

Verificando: src/content/notas/2022/2022-05-27-211642.md
URLs pbs.twimg.com/media/ encontradas: 1
  Testando: https://pbs.twimg.com/media/FTzeK0CWIAISAYo.jpg
    ❌ 404 - URL não encontrada!

Verificando: src/content/notas/2022/2022-06-04-003614.md
URLs pbs.twimg.com/media/ encontradas: 1
  Testando: https://pbs.twimg.com/media/FUYO-aJWIAQlayU.jpg
    ❌ 404 - URL não encontrada!

Verificando: src/content/notas/2022/2022-06-19-235250.md
URLs pbs.twimg.com/media/ encontradas: 1
  Testando: https://pbs.twimg.com/media/FVqeetYXwAAwOpk.jpg
    ❌ 404 - URL não encontrada!

Verificando: src/content/notas/2022/2022-06-21-172023.md
URLs pbs.twimg.com/media/ encontradas: 1
  Testando: https://pbs.twimg.com/media/FVzX1cJWIAEjTyM.jpg
    ❌ 404 - URL não encontrada!

Verificando: src/content/notas/2022/2022-07-12-060345.md
URLs pbs.twimg.com/media/ encontradas: 1
  Testando: https://pbs.twimg.com/media/FXdGV30WAAADwRS.jpg
    ❌ 404 - URL não encontrada!

Verificando: src/content/notas/2022/2022-08-02-133821.md
URLs pbs.twimg.com/media/ encontradas: 1
  Testando: https://pbs.twimg.com/media/FZK3yXhWAAAkLGT.png
    ❌ 404 - URL não encontrada!

Verificando: src/content/notas/2022/2022-08-19-003323.md
URLs pbs.twimg.com/media/ encontradas: 1
  Testando: https://pbs.twimg.com/media/FafnJskWIAAYbHG.jpg
    ❌ 404 - URL não encontrada!

Verificando: src/content/notas/2022/2022-08-21-201634.md
URLs pbs.twimg.com/media/ encontradas: 1
  Testando: https://pbs.twimg.com/media/FauJIisWQAM-5hO.jpg
    ❌ 404 - URL não encontrada!

Verificando: src/content/notas/2022/2022-08-27-171503.md
URLs pbs.twimg.com/media/ encontradas: 1
  Testando: https://pbs.twimg.com/media/FbMZFy2XEAML5O0.jpg
    ❌ 404 - URL não encontrada!

Verificando: src/content/notas/2022/2022-09-02-100212.md
URLs pbs.twimg.com/media/ encontradas: 1
  Testando: https://pbs.twimg.com/media/FbpvmSVXgAAEpsk.jpg
    ❌ 404 - URL não encontrada!

Verificando: src/content/notas/2022/2022-09-19-190009.md
URLs pbs.twimg.com/media/ encontradas: 1
  Testando: https://pbs.twimg.com/media/FdDNwLAXEAAcebV.jpg
    ❌ 404 - URL não encontrada!

Verificando: src/content/notas/2022/2022-10-14-161615.md
URLs pbs.twimg.com/media/ encontradas: 1
  Testando: https://pbs.twimg.com/media/FfDX_GWXkAEhURL.jpg
    ❌ 404 - URL não encontrada!

Verificando: src/content/notas/2022/2022-11-19-190054.md
URLs pbs.twimg.com/media/ encontradas: 1
  Testando: https://pbs.twimg.com/media/Fh9W6CpWQAQE89J.jpg
    ❌ 404 - URL não encontrada!

Verificando: src/content/notas/2022/2022-11-20-005744.md
URLs pbs.twimg.com/media/ encontradas: 1
  Testando: https://pbs.twimg.com/media/Fh-olGKXgAAe0R8.jpg
    ❌ 404 - URL não encontrada!

Verificando: src/content/notas/2022/2022-12-08-054404.md
URLs pbs.twimg.com/media/ encontradas: 1
  Testando: https://pbs.twimg.com/media/FjcWuZ-XgAAEFzV.jpg
    ❌ 404 - URL não encontrada!

Verificando: src/content/notas/2022/2022-12-10-163524.md
URLs pbs.twimg.com/media/ encontradas: 1
  Testando: https://pbs.twimg.com/media/Fjo-_MrXgAAz4Gy.jpg
    ❌ 404 - URL não encontrada!

Verificando: src/content/notas/2023/2023-01-01-163559.md
URLs pbs.twimg.com/media/ encontradas: 1
  Testando: https://pbs.twimg.com/media/FlaSGkuXkAMpsQX.jpg
    ❌ 404 - URL não encontrada!

Verificando: src/content/notas/2023/2023-01-14-203431.md
URLs pbs.twimg.com/media/ encontradas: 1
  Testando: https://pbs.twimg.com/media/FmeFXUmWAAElm50.jpg
    ❌ 404 - URL não encontrada!

Verificando: src/content/notas/2023/2023-06-06-121135.md
URLs pbs.twimg.com/media/ encontradas: 1
  Testando: https://pbs.twimg.com/media/Fx8s8xXaAAAZM-O.png
    ❌ 404 - URL não encontrada!

Verificando: src/content/notas/2023/2023-06-16-152609.md
URLs pbs.twimg.com/media/ encontradas: 1
  Testando: https://pbs.twimg.com/media/Fyw52bUXgAsOjWB.png
    ❌ 404 - URL não encontrada!

Verificando: src/content/notas/2023/2023-11-04-171925.md
URLs pbs.twimg.com/media/ encontradas: 1
  Testando: https://pbs.twimg.com/media/F-HcH--XcAABeYk.jpg
    ❌ 404 - URL não encontrada!

Verificando: src/content/notas/2023/2023-11-16-124227.md
URLs pbs.twimg.com/media/ encontradas: 1
  Testando: https://pbs.twimg.com/media/F_EPz22WEAA9UQ4.png
    ❌ 404 - URL não encontrada!

Verificando: src/content/notas/2023/2023-12-01-100108.md
URLs pbs.twimg.com/media/ encontradas: 1
  Testando: https://pbs.twimg.com/media/GAQ6vD7XAAA7sZr.jpg
    ❌ 404 - URL não encontrada!

Verificando: src/content/notas/2024/2024-01-04-105647.md
URLs pbs.twimg.com/media/ encontradas: 1
  Testando: https://pbs.twimg.com/media/GDANhmtX0AAq9QJ.jpg
    ❌ 404 - URL não encontrada!

Verificando: src/content/notas/2024/2024-01-15-200932.md
URLs pbs.twimg.com/media/ encontradas: 1
  Testando: https://pbs.twimg.com/media/GD61h7uXsAAbXud.jpg
    ❌ 404 - URL não encontrada!

Verificando: src/content/notas/2024/2024-02-06-115438.md
URLs pbs.twimg.com/media/ encontradas: 1
  Testando: https://pbs.twimg.com/media/GFqXO1EWoAAeSPB.png
    ❌ 404 - URL não encontrada!

Verificando: src/content/notas/2024/2024-02-17-162310.md
URLs pbs.twimg.com/media/ encontradas: 1
  Testando: https://pbs.twimg.com/media/GGj-LqTWMAExYry.jpg
    ❌ 404 - URL não encontrada!

Verificando: src/content/notas/2024/2024-02-21-205032.md
URLs pbs.twimg.com/media/ encontradas: 1
  Testando: https://pbs.twimg.com/media/GG5hvJ_XEAAjG_t.jpg
    ❌ 404 - URL não encontrada!

Verificando: src/content/notas/2024/2024-02-26-134841.md
URLs pbs.twimg.com/media/ encontradas: 1
  Testando: https://pbs.twimg.com/media/GHRxIk7XIAApPJP.jpg
    ❌ 404 - URL não encontrada!

Verificando: src/content/notas/2024/2024-02-28-205833.md
URLs pbs.twimg.com/media/ encontradas: 1
  Testando: https://pbs.twimg.com/media/GHdmNy-WwAARnvH.jpg
    ❌ 404 - URL não encontrada!

Verificando: src/content/notas/2024/2024-03-11-121854.md
URLs pbs.twimg.com/media/ encontradas: 1
  Testando: https://pbs.twimg.com/media/GIZizJxWcAAFP7B.jpg
    ❌ 404 - URL não encontrada!

Verificando: src/content/notas/2024/2024-03-31-130313.md
URLs pbs.twimg.com/media/ encontradas: 1
  Testando: https://pbs.twimg.com/media/GKAsyMaWgAAmTD6.jpg
    ❌ 404 - URL não encontrada!

Verificando: src/content/notas/2024/2024-04-15-094217.md
URLs pbs.twimg.com/media/ encontradas: 1
  Testando: https://pbs.twimg.com/media/GLNOCFsWgAA5R5I.jpg
    ❌ 404 - URL não encontrada!

Verificando: src/content/notas/2024/2024-05-02-095942.md
URLs pbs.twimg.com/media/ encontradas: 1
  Testando: https://pbs.twimg.com/media/GMk1pzbWcAAbOIe.jpg
    ❌ 404 - URL não encontrada!

Verificando: src/content/notas/2024/2024-05-07-204418.md
URLs pbs.twimg.com/media/ encontradas: 1
  Testando: https://pbs.twimg.com/media/GNA5IzuWAAA5zfd.jpg
    ❌ 404 - URL não encontrada!

Verificando: src/content/notas/2024/2024-06-04-061411.md
URLs pbs.twimg.com/media/ encontradas: 1
  Testando: https://pbs.twimg.com/media/GPN-gGgW8AAdY3n.jpg
    ❌ 404 - URL não encontrada!


📊 RESUMO:
============================================================

❌ Encontrados 136 arquivo(s) com URLs 404:

  src/content/notas/2018/2018-06-05-141144.md
    URL: https://pbs.twimg.com/media/De8YcphWkAEzfoR.jpg
    Status: 404

  src/content/notas/2018/2018-06-05-194709.md
    URL: https://pbs.twimg.com/media/De9lJITW0AMepMP.jpg
    Status: 404

  src/content/notas/2018/2018-07-02-125653.md
    URL: https://pbs.twimg.com/media/DhHKP5VWsAAWDUP.jpg
    Status: 404

  src/content/notas/2018/2018-07-02-134416.md
    URL: https://pbs.twimg.com/media/DhHVFbiWkAArYN-.jpg
    Status: 404

  src/content/notas/2018/2018-07-09-233825.md
    URL: https://pbs.twimg.com/media/DhtgNeAW0AAwgGa.jpg
    Status: 404

  src/content/notas/2018/2018-07-16-214423.md
    URL: https://pbs.twimg.com/media/DiRJO4BXcAEeTrD.jpg
    Status: 404

  src/content/notas/2018/2018-09-11-171121.md
    URL: https://pbs.twimg.com/media/Dm1tXTKXoAImt9L.jpg
    Status: 404

  src/content/notas/2018/2018-10-16-100821.md
    URL: https://pbs.twimg.com/media/DpocIjTXoAEdbYQ.jpg
    Status: 404

  src/content/notas/2018/2018-10-17-195943.md
    URL: https://pbs.twimg.com/media/DpvtIGoXoAExsCX.jpg
    Status: 404

  src/content/notas/2018/2018-10-22-144857.md
    URL: https://pbs.twimg.com/media/DqIV9WqWoAE6uM5.jpg
    Status: 404

  src/content/notas/2018/2018-10-25-081841.md
    URL: https://pbs.twimg.com/media/DqWZZylXcAAkSEC.jpg
    Status: 404

  src/content/notas/2018/2018-10-29-104038.md
    URL: https://pbs.twimg.com/media/DqrgQRRX0AIQLgc.jpg
    Status: 404

  src/content/notas/2018/2018-10-31-070436.md
    URL: https://pbs.twimg.com/media/Dq1B_hoWwAAdnJ_.jpg
    Status: 404

  src/content/notas/2018/2018-11-05-183417.md
    URL: https://pbs.twimg.com/media/DrRCDPyXQAAx41C.jpg
    Status: 404

  src/content/notas/2018/2018-11-16-155642.md
    URL: https://pbs.twimg.com/media/DsJHekEX4AAzdTn.jpg
    Status: 404

  src/content/notas/2018/2018-11-17-114348.md
    URL: https://pbs.twimg.com/media/DsNXL24WsAAu_Xm.jpg
    Status: 404

  src/content/notas/2018/2018-11-26-083009.md
    URL: https://pbs.twimg.com/media/Ds7BKfzXcAARvjF.jpg
    Status: 404

  src/content/notas/2018/2018-12-04-205845.md
    URL: https://pbs.twimg.com/media/Dtm5OxVXQAAIe_C.jpg
    Status: 404

  src/content/notas/2018/2018-12-28-123508.md
    URL: https://pbs.twimg.com/media/DvgsHXcWoAEyb0L.jpg
    Status: 404

  src/content/notas/2019/2019-01-30-193141.md
    URL: https://pbs.twimg.com/media/DyMH6H9WoAEh_1G.jpg
    Status: 404

  src/content/notas/2019/2019-02-22-113642.md
    URL: https://pbs.twimg.com/media/D0BFf-MW0AAIzpH.jpg
    Status: 404

  src/content/notas/2019/2019-02-27-224150.md
    URL: https://pbs.twimg.com/media/D0dNsWRWsAAy5kx.jpg
    Status: 404

  src/content/notas/2019/2019-03-06-130840.md
    URL: https://pbs.twimg.com/media/D0_NoiBXcAAZzID.jpg
    Status: 404

  src/content/notas/2019/2019-03-13-110144.md
    URL: https://pbs.twimg.com/media/D1iztIeXcAE3vfB.jpg
    Status: 404

  src/content/notas/2019/2019-04-02-190201.md
    URL: https://pbs.twimg.com/media/D3Lhb3dW0AA0FlN.jpg
    Status: 404

  src/content/notas/2019/2019-04-05-192254.md
    URL: https://pbs.twimg.com/media/D3bAReRWkAY5uQp.jpg
    Status: 404

  src/content/notas/2019/2019-04-17-152524.md
    URL: https://pbs.twimg.com/media/D4X_tRdWwAIsf8p.jpg
    Status: 404

  src/content/notas/2019/2019-04-24-085348.md
    URL: https://pbs.twimg.com/media/D46pM5oW0AUfGT7.jpg
    Status: 404

  src/content/notas/2019/2019-04-30-082507.md
    URL: https://pbs.twimg.com/media/D5ZcK_jWAAMWK4R.jpg
    Status: 404

  src/content/notas/2019/2019-05-19-235343.md
    URL: https://pbs.twimg.com/media/D6-m67NW4AEIkiT.jpg
    Status: 404

  src/content/notas/2019/2019-05-27-114934.md
    URL: https://pbs.twimg.com/media/D7lN5MtWkAAKgmb.jpg
    Status: 404

  src/content/notas/2019/2019-06-14-142640.md
    URL: https://pbs.twimg.com/media/D9CeeB8XkAEY68e.jpg
    Status: 404

  src/content/notas/2019/2019-07-14-164449.md
    URL: https://pbs.twimg.com/media/D_ddybsXkAYEWVN.jpg
    Status: 404

  src/content/notas/2019/2019-07-16-111523.md
    URL: https://pbs.twimg.com/media/D_mlkRmVAAIDu44.jpg
    Status: 404

  src/content/notas/2019/2019-08-30-175640.md
    URL: https://pbs.twimg.com/media/EDPw8X8X4AEkpGg.jpg
    Status: 404

  src/content/notas/2019/2019-09-02-202231.md
    URL: https://pbs.twimg.com/media/EDfvG2-XUAAzp8i.jpg
    Status: 404

  src/content/notas/2019/2019-09-18-135623.md
    URL: https://pbs.twimg.com/media/EEwwKfIW4AAoJ6d.jpg
    Status: 404

  src/content/notas/2019/2019-09-20-153814.md
    URL: https://pbs.twimg.com/media/EE7apjiWsAUjGf7.jpg
    Status: 404

  src/content/notas/2019/2019-09-24-201231.md
    URL: https://pbs.twimg.com/media/EFQ_yxmXkAAiPgE.jpg
    Status: 404

  src/content/notas/2019/2019-09-27-110954.md
    URL: https://pbs.twimg.com/media/EFegXNHWsAAxGvM.jpg
    Status: 404

  src/content/notas/2019/2019-11-12-181155.md
    URL: https://pbs.twimg.com/media/EJM6FzUWsAIxeOJ.jpg
    Status: 404

  src/content/notas/2019/2019-11-12-183207.md
    URL: https://pbs.twimg.com/media/EJM-tWLXkAEp0zS.jpg
    Status: 404

  src/content/notas/2019/2019-12-08-185902.md
    URL: https://pbs.twimg.com/media/ELS-NwwXYAIykmR.jpg
    Status: 404

  src/content/notas/2020/2020-01-16-085000.md
    URL: https://pbs.twimg.com/media/EOZo0cbX0AEOUfX.jpg
    Status: 404

  src/content/notas/2020/2020-02-05-194642.md
    URL: https://pbs.twimg.com/media/EQC-7YqXUAEjZrg.jpg
    Status: 404

  src/content/notas/2020/2020-05-20-211037.md
    URL: https://pbs.twimg.com/media/EYgBDdPWoAA3NIa.jpg
    Status: 404

  src/content/notas/2020/2020-05-22-182729.md
    URL: https://pbs.twimg.com/media/EYpu5yWWAAEJL9R.jpg
    Status: 404

  src/content/notas/2020/2020-06-12-075748.md
    URL: https://pbs.twimg.com/media/EaToK35WkAEyhLW.jpg
    Status: 404

  src/content/notas/2020/2020-06-18-165938.md
    URL: https://pbs.twimg.com/media/Ea0duecXsAUUHqg.jpg
    Status: 404

  src/content/notas/2020/2020-06-25-124836.md
    URL: https://pbs.twimg.com/media/EbXnZvEWsAAQuj0.png
    Status: 404

  src/content/notas/2020/2020-06-25-220749.md
    URL: https://pbs.twimg.com/media/EbZnYscWkAAHBnw.jpg
    Status: 404

  src/content/notas/2020/2020-07-29-104206.md
    URL: https://pbs.twimg.com/media/EeGQgF4WsAIv3jq.jpg
    Status: 404

  src/content/notas/2020/2020-07-29-231807.md
    URL: https://pbs.twimg.com/media/EeI9irhXkAELu6m.jpg
    Status: 404

  src/content/notas/2020/2020-08-06-105112.md
    URL: https://pbs.twimg.com/media/EevfTQfXYAQnUfu.jpg
    Status: 404

  src/content/notas/2020/2020-08-07-151433.md
    URL: https://pbs.twimg.com/media/Ee1lK1tWkAMkG5G.jpg
    Status: 404

  src/content/notas/2020/2020-08-10-151254.md
    URL: https://pbs.twimg.com/media/EfFBj3jXoAIdL6K.png
    Status: 404

  src/content/notas/2020/2020-08-11-180126.md
    URL: https://pbs.twimg.com/media/EfKxukoXgAE-hrn.jpg
    Status: 404

  src/content/notas/2020/2020-08-12-162628.md
    URL: https://pbs.twimg.com/media/EfPlk7fWkAAyOi0.jpg
    Status: 404

  src/content/notas/2020/2020-08-17-142417.md
    URL: https://pbs.twimg.com/media/Efo5kGKWsAAnJpv.png
    Status: 404

  src/content/notas/2020/2020-09-04-015453.md
    URL: https://pbs.twimg.com/media/EhC6pnAWoAAY6uC.jpg
    Status: 404

  src/content/notas/2020/2020-12-10-102000.md
    URL: https://pbs.twimg.com/media/Eo1hVB1WMAYokky.jpg
    Status: 404

  src/content/notas/2021/2021-01-12-134835.md
    URL: https://pbs.twimg.com/media/Eri8r8xXcAEygg4.jpg
    Status: 404

  src/content/notas/2021/2021-02-10-144612.md
    URL: https://pbs.twimg.com/media/Et4f-09XEAADa4l.jpg
    Status: 404

  src/content/notas/2021/2021-05-20-103148.md
    URL: https://pbs.twimg.com/media/E11bJajXMAUBrTN.jpg
    Status: 404

  src/content/notas/2021/2021-06-03-225342.md
    URL: https://pbs.twimg.com/media/E3ALNFUXoAUkcbx.jpg
    Status: 404

  src/content/notas/2021/2021-08-26-163509.md
    URL: https://pbs.twimg.com/media/E9vaHLIX0AUBsK5.jpg
    Status: 404

  src/content/notas/2021/2021-09-25-165053.md
    URL: https://pbs.twimg.com/media/FAJ8wGBXsAQ2jpt.jpg
    Status: 404

  src/content/notas/2021/2021-10-04-201417.md
    URL: https://pbs.twimg.com/media/FA5CRpUXMAA1rLS.jpg
    Status: 404

  src/content/notas/2021/2021-11-11-123343.md
    URL: https://pbs.twimg.com/media/FD7FRpMXoAMa-yc.jpg
    Status: 404

  src/content/notas/2021/2021-11-24-164628.md
    URL: https://pbs.twimg.com/media/FE-7y1kX0AE1_q6.jpg
    Status: 404

  src/content/notas/2021/2021-12-16-110718.md
    URL: https://pbs.twimg.com/media/FGvBJA5X0Akc6fj.jpg
    Status: 404

  src/content/notas/2022/2022-01-18-091425.md
    URL: https://pbs.twimg.com/media/FJYjxNIWQAAaXJ2.jpg
    Status: 404

  src/content/notas/2022/2022-01-21-105619.md
    URL: https://pbs.twimg.com/media/FJoXuAiXsAcHHlh.jpg
    Status: 404

  src/content/notas/2022/2022-01-23-002827.md
    URL: https://pbs.twimg.com/media/FJwbVaIWQAAG6LO.jpg
    Status: 404

  src/content/notas/2022/2022-01-26-141325.md
    URL: https://pbs.twimg.com/media/FKC07B7XoAERRmO.jpg
    Status: 404

  src/content/notas/2022/2022-02-07-024054.md
    URL: https://pbs.twimg.com/media/FK-Jf2lWUAAmla7.jpg
    Status: 404

  src/content/notas/2022/2022-02-09-100001.md
    URL: https://pbs.twimg.com/media/FLIBB1DWYAEYlZX.jpg
    Status: 404

  src/content/notas/2022/2022-02-17-135922.md
    URL: https://pbs.twimg.com/media/FL0D9e-X0AAK3qm.jpg
    Status: 404

  src/content/notas/2022/2022-02-23-150648.md
    URL: https://pbs.twimg.com/media/FMTNqHFWUAQsTxT.jpg
    Status: 404

  src/content/notas/2022/2022-02-28-194034.md
    URL: https://pbs.twimg.com/media/FMt8Q0NXEAUupH5.jpg
    Status: 404

  src/content/notas/2022/2022-03-05-201711.md
    URL: https://pbs.twimg.com/media/FNH0mciUYAEX09z.png
    Status: 404

  src/content/notas/2022/2022-03-05-203017.md
    URL: https://pbs.twimg.com/media/FNH3RAgXwAgsPdo.jpg
    Status: 404

  src/content/notas/2022/2022-03-06-154518.md
    URL: https://pbs.twimg.com/media/FNL_9PXXIAAyRw9.jpg
    Status: 404

  src/content/notas/2022/2022-03-13-161135.md
    URL: https://pbs.twimg.com/media/FNwIi03XIBQyvc8.png
    Status: 404

  src/content/notas/2022/2022-03-13-225350.md
    URL: https://pbs.twimg.com/media/FNxlK9SUcAMML1p.jpg
    Status: 404

  src/content/notas/2022/2022-03-20-234314.md
    URL: https://pbs.twimg.com/media/FOVzm4NX0AUhpX6.jpg
    Status: 404

  src/content/notas/2022/2022-04-03-154921.md
    URL: https://pbs.twimg.com/media/FPcNZj1XMAYpPNK.jpg
    Status: 404

  src/content/notas/2022/2022-04-03-183049.md
    URL: https://pbs.twimg.com/media/FPcyW2-X0AMNytx.jpg
    Status: 404

  src/content/notas/2022/2022-04-05-200328.md
    URL: https://pbs.twimg.com/media/FPnaLs3XsAYIVAN.png
    Status: 404

  src/content/notas/2022/2022-04-08-205646.md
    URL: https://pbs.twimg.com/media/FP3Dtk0WQAQE1ig.jpg
    Status: 404

  src/content/notas/2022/2022-04-12-204045.md
    URL: https://pbs.twimg.com/media/FQLmaAiWYAIx-9O.jpg
    Status: 404

  src/content/notas/2022/2022-04-14-204456.md
    URL: https://pbs.twimg.com/media/FQV6i2PWYAQ0WlO.jpg
    Status: 404

  src/content/notas/2022/2022-04-15-144922.md
    URL: https://pbs.twimg.com/media/FQZyvzeWQAE_98g.jpg
    Status: 404

  src/content/notas/2022/2022-04-16-011318.md
    URL: https://pbs.twimg.com/media/FQcBjpTXwAAYnJl.jpg
    Status: 404

  src/content/notas/2022/2022-04-17-042334.md
    URL: https://pbs.twimg.com/media/FQh2spCXwAM2fPO.jpg
    Status: 404

  src/content/notas/2022/2022-04-18-233635.md
    URL: https://pbs.twimg.com/media/FQrIMToWQAABF2J.jpg
    Status: 404

  src/content/notas/2022/2022-04-23-202115.md
    URL: https://pbs.twimg.com/media/FRELZ3fWYAYvYLD.jpg
    Status: 404

  src/content/notas/2022/2022-04-23-204635.md
    URL: https://pbs.twimg.com/media/FRERMfbXwAEvyoK.jpg
    Status: 404

  src/content/notas/2022/2022-04-27-230451.md
    URL: https://pbs.twimg.com/media/FRZXPElWUAE_coh.jpg
    Status: 404

  src/content/notas/2022/2022-05-04-193934.md
    URL: https://pbs.twimg.com/media/FR8q51lX0AIUgTR.jpg
    Status: 404

  src/content/notas/2022/2022-05-27-211642.md
    URL: https://pbs.twimg.com/media/FTzeK0CWIAISAYo.jpg
    Status: 404

  src/content/notas/2022/2022-06-04-003614.md
    URL: https://pbs.twimg.com/media/FUYO-aJWIAQlayU.jpg
    Status: 404

  src/content/notas/2022/2022-06-19-235250.md
    URL: https://pbs.twimg.com/media/FVqeetYXwAAwOpk.jpg
    Status: 404

  src/content/notas/2022/2022-06-21-172023.md
    URL: https://pbs.twimg.com/media/FVzX1cJWIAEjTyM.jpg
    Status: 404

  src/content/notas/2022/2022-07-12-060345.md
    URL: https://pbs.twimg.com/media/FXdGV30WAAADwRS.jpg
    Status: 404

  src/content/notas/2022/2022-08-02-133821.md
    URL: https://pbs.twimg.com/media/FZK3yXhWAAAkLGT.png
    Status: 404

  src/content/notas/2022/2022-08-19-003323.md
    URL: https://pbs.twimg.com/media/FafnJskWIAAYbHG.jpg
    Status: 404

  src/content/notas/2022/2022-08-21-201634.md
    URL: https://pbs.twimg.com/media/FauJIisWQAM-5hO.jpg
    Status: 404

  src/content/notas/2022/2022-08-27-171503.md
    URL: https://pbs.twimg.com/media/FbMZFy2XEAML5O0.jpg
    Status: 404

  src/content/notas/2022/2022-09-02-100212.md
    URL: https://pbs.twimg.com/media/FbpvmSVXgAAEpsk.jpg
    Status: 404

  src/content/notas/2022/2022-09-19-190009.md
    URL: https://pbs.twimg.com/media/FdDNwLAXEAAcebV.jpg
    Status: 404

  src/content/notas/2022/2022-10-14-161615.md
    URL: https://pbs.twimg.com/media/FfDX_GWXkAEhURL.jpg
    Status: 404

  src/content/notas/2022/2022-11-19-190054.md
    URL: https://pbs.twimg.com/media/Fh9W6CpWQAQE89J.jpg
    Status: 404

  src/content/notas/2022/2022-11-20-005744.md
    URL: https://pbs.twimg.com/media/Fh-olGKXgAAe0R8.jpg
    Status: 404

  src/content/notas/2022/2022-12-08-054404.md
    URL: https://pbs.twimg.com/media/FjcWuZ-XgAAEFzV.jpg
    Status: 404

  src/content/notas/2022/2022-12-10-163524.md
    URL: https://pbs.twimg.com/media/Fjo-_MrXgAAz4Gy.jpg
    Status: 404

  src/content/notas/2023/2023-01-01-163559.md
    URL: https://pbs.twimg.com/media/FlaSGkuXkAMpsQX.jpg
    Status: 404

  src/content/notas/2023/2023-01-14-203431.md
    URL: https://pbs.twimg.com/media/FmeFXUmWAAElm50.jpg
    Status: 404

  src/content/notas/2023/2023-06-06-121135.md
    URL: https://pbs.twimg.com/media/Fx8s8xXaAAAZM-O.png
    Status: 404

  src/content/notas/2023/2023-06-16-152609.md
    URL: https://pbs.twimg.com/media/Fyw52bUXgAsOjWB.png
    Status: 404

  src/content/notas/2023/2023-11-04-171925.md
    URL: https://pbs.twimg.com/media/F-HcH--XcAABeYk.jpg
    Status: 404

  src/content/notas/2023/2023-11-16-124227.md
    URL: https://pbs.twimg.com/media/F_EPz22WEAA9UQ4.png
    Status: 404

  src/content/notas/2023/2023-12-01-100108.md
    URL: https://pbs.twimg.com/media/GAQ6vD7XAAA7sZr.jpg
    Status: 404

  src/content/notas/2024/2024-01-04-105647.md
    URL: https://pbs.twimg.com/media/GDANhmtX0AAq9QJ.jpg
    Status: 404

  src/content/notas/2024/2024-01-15-200932.md
    URL: https://pbs.twimg.com/media/GD61h7uXsAAbXud.jpg
    Status: 404

  src/content/notas/2024/2024-02-06-115438.md
    URL: https://pbs.twimg.com/media/GFqXO1EWoAAeSPB.png
    Status: 404

  src/content/notas/2024/2024-02-17-162310.md
    URL: https://pbs.twimg.com/media/GGj-LqTWMAExYry.jpg
    Status: 404

  src/content/notas/2024/2024-02-21-205032.md
    URL: https://pbs.twimg.com/media/GG5hvJ_XEAAjG_t.jpg
    Status: 404

  src/content/notas/2024/2024-02-26-134841.md
    URL: https://pbs.twimg.com/media/GHRxIk7XIAApPJP.jpg
    Status: 404

  src/content/notas/2024/2024-02-28-205833.md
    URL: https://pbs.twimg.com/media/GHdmNy-WwAARnvH.jpg
    Status: 404

  src/content/notas/2024/2024-03-11-121854.md
    URL: https://pbs.twimg.com/media/GIZizJxWcAAFP7B.jpg
    Status: 404

  src/content/notas/2024/2024-03-31-130313.md
    URL: https://pbs.twimg.com/media/GKAsyMaWgAAmTD6.jpg
    Status: 404

  src/content/notas/2024/2024-04-15-094217.md
    URL: https://pbs.twimg.com/media/GLNOCFsWgAA5R5I.jpg
    Status: 404

  src/content/notas/2024/2024-05-02-095942.md
    URL: https://pbs.twimg.com/media/GMk1pzbWcAAbOIe.jpg
    Status: 404

  src/content/notas/2024/2024-05-07-204418.md
    URL: https://pbs.twimg.com/media/GNA5IzuWAAA5zfd.jpg
    Status: 404

  src/content/notas/2024/2024-06-04-061411.md
    URL: https://pbs.twimg.com/media/GPN-gGgW8AAdY3n.jpg
    Status: 404


🗑️  Deletando arquivos...

  ✓ Deletado: src/content/notas/2018/2018-06-05-141144.md
  ✓ Deletado: src/content/notas/2018/2018-06-05-194709.md
  ✓ Deletado: src/content/notas/2018/2018-07-02-125653.md
  ✓ Deletado: src/content/notas/2018/2018-07-02-134416.md
  ✓ Deletado: src/content/notas/2018/2018-07-09-233825.md
  ✓ Deletado: src/content/notas/2018/2018-07-16-214423.md
  ✓ Deletado: src/content/notas/2018/2018-09-11-171121.md
  ✓ Deletado: src/content/notas/2018/2018-10-16-100821.md
  ✓ Deletado: src/content/notas/2018/2018-10-17-195943.md
  ✓ Deletado: src/content/notas/2018/2018-10-22-144857.md
  ✓ Deletado: src/content/notas/2018/2018-10-25-081841.md
  ✓ Deletado: src/content/notas/2018/2018-10-29-104038.md
  ✓ Deletado: src/content/notas/2018/2018-10-31-070436.md
  ✓ Deletado: src/content/notas/2018/2018-11-05-183417.md
  ✓ Deletado: src/content/notas/2018/2018-11-16-155642.md
  ✓ Deletado: src/content/notas/2018/2018-11-17-114348.md
  ✓ Deletado: src/content/notas/2018/2018-11-26-083009.md
  ✓ Deletado: src/content/notas/2018/2018-12-04-205845.md
  ✓ Deletado: src/content/notas/2018/2018-12-28-123508.md
  ✓ Deletado: src/content/notas/2019/2019-01-30-193141.md
  ✓ Deletado: src/content/notas/2019/2019-02-22-113642.md
  ✓ Deletado: src/content/notas/2019/2019-02-27-224150.md
  ✓ Deletado: src/content/notas/2019/2019-03-06-130840.md
  ✓ Deletado: src/content/notas/2019/2019-03-13-110144.md
  ✓ Deletado: src/content/notas/2019/2019-04-02-190201.md
  ✓ Deletado: src/content/notas/2019/2019-04-05-192254.md
  ✓ Deletado: src/content/notas/2019/2019-04-17-152524.md
  ✓ Deletado: src/content/notas/2019/2019-04-24-085348.md
  ✓ Deletado: src/content/notas/2019/2019-04-30-082507.md
  ✓ Deletado: src/content/notas/2019/2019-05-19-235343.md
  ✓ Deletado: src/content/notas/2019/2019-05-27-114934.md
  ✓ Deletado: src/content/notas/2019/2019-06-14-142640.md
  ✓ Deletado: src/content/notas/2019/2019-07-14-164449.md
  ✓ Deletado: src/content/notas/2019/2019-07-16-111523.md
  ✓ Deletado: src/content/notas/2019/2019-08-30-175640.md
  ✓ Deletado: src/content/notas/2019/2019-09-02-202231.md
  ✓ Deletado: src/content/notas/2019/2019-09-18-135623.md
  ✓ Deletado: src/content/notas/2019/2019-09-20-153814.md
  ✓ Deletado: src/content/notas/2019/2019-09-24-201231.md
  ✓ Deletado: src/content/notas/2019/2019-09-27-110954.md
  ✓ Deletado: src/content/notas/2019/2019-11-12-181155.md
  ✓ Deletado: src/content/notas/2019/2019-11-12-183207.md
  ✓ Deletado: src/content/notas/2019/2019-12-08-185902.md
  ✓ Deletado: src/content/notas/2020/2020-01-16-085000.md
  ✓ Deletado: src/content/notas/2020/2020-02-05-194642.md
  ✓ Deletado: src/content/notas/2020/2020-05-20-211037.md
  ✓ Deletado: src/content/notas/2020/2020-05-22-182729.md
  ✓ Deletado: src/content/notas/2020/2020-06-12-075748.md
  ✓ Deletado: src/content/notas/2020/2020-06-18-165938.md
  ✓ Deletado: src/content/notas/2020/2020-06-25-124836.md
  ✓ Deletado: src/content/notas/2020/2020-06-25-220749.md
  ✓ Deletado: src/content/notas/2020/2020-07-29-104206.md
  ✓ Deletado: src/content/notas/2020/2020-07-29-231807.md
  ✓ Deletado: src/content/notas/2020/2020-08-06-105112.md
  ✓ Deletado: src/content/notas/2020/2020-08-07-151433.md
  ✓ Deletado: src/content/notas/2020/2020-08-10-151254.md
  ✓ Deletado: src/content/notas/2020/2020-08-11-180126.md
  ✓ Deletado: src/content/notas/2020/2020-08-12-162628.md
  ✓ Deletado: src/content/notas/2020/2020-08-17-142417.md
  ✓ Deletado: src/content/notas/2020/2020-09-04-015453.md
  ✓ Deletado: src/content/notas/2020/2020-12-10-102000.md
  ✓ Deletado: src/content/notas/2021/2021-01-12-134835.md
  ✓ Deletado: src/content/notas/2021/2021-02-10-144612.md
  ✓ Deletado: src/content/notas/2021/2021-05-20-103148.md
  ✓ Deletado: src/content/notas/2021/2021-06-03-225342.md
  ✓ Deletado: src/content/notas/2021/2021-08-26-163509.md
  ✓ Deletado: src/content/notas/2021/2021-09-25-165053.md
  ✓ Deletado: src/content/notas/2021/2021-10-04-201417.md
  ✓ Deletado: src/content/notas/2021/2021-11-11-123343.md
  ✓ Deletado: src/content/notas/2021/2021-11-24-164628.md
  ✓ Deletado: src/content/notas/2021/2021-12-16-110718.md
  ✓ Deletado: src/content/notas/2022/2022-01-18-091425.md
  ✓ Deletado: src/content/notas/2022/2022-01-21-105619.md
  ✓ Deletado: src/content/notas/2022/2022-01-23-002827.md
  ✓ Deletado: src/content/notas/2022/2022-01-26-141325.md
  ✓ Deletado: src/content/notas/2022/2022-02-07-024054.md
  ✓ Deletado: src/content/notas/2022/2022-02-09-100001.md
  ✓ Deletado: src/content/notas/2022/2022-02-17-135922.md
  ✓ Deletado: src/content/notas/2022/2022-02-23-150648.md
  ✓ Deletado: src/content/notas/2022/2022-02-28-194034.md
  ✓ Deletado: src/content/notas/2022/2022-03-05-201711.md
  ✓ Deletado: src/content/notas/2022/2022-03-05-203017.md
  ✓ Deletado: src/content/notas/2022/2022-03-06-154518.md
  ✓ Deletado: src/content/notas/2022/2022-03-13-161135.md
  ✓ Deletado: src/content/notas/2022/2022-03-13-225350.md
  ✓ Deletado: src/content/notas/2022/2022-03-20-234314.md
  ✓ Deletado: src/content/notas/2022/2022-04-03-154921.md
  ✓ Deletado: src/content/notas/2022/2022-04-03-183049.md
  ✓ Deletado: src/content/notas/2022/2022-04-05-200328.md
  ✓ Deletado: src/content/notas/2022/2022-04-08-205646.md
  ✓ Deletado: src/content/notas/2022/2022-04-12-204045.md
  ✓ Deletado: src/content/notas/2022/2022-04-14-204456.md
  ✓ Deletado: src/content/notas/2022/2022-04-15-144922.md
  ✓ Deletado: src/content/notas/2022/2022-04-16-011318.md
  ✓ Deletado: src/content/notas/2022/2022-04-17-042334.md
  ✓ Deletado: src/content/notas/2022/2022-04-18-233635.md
  ✓ Deletado: src/content/notas/2022/2022-04-23-202115.md
  ✓ Deletado: src/content/notas/2022/2022-04-23-204635.md
  ✓ Deletado: src/content/notas/2022/2022-04-27-230451.md
  ✓ Deletado: src/content/notas/2022/2022-05-04-193934.md
  ✓ Deletado: src/content/notas/2022/2022-05-27-211642.md
  ✓ Deletado: src/content/notas/2022/2022-06-04-003614.md
  ✓ Deletado: src/content/notas/2022/2022-06-19-235250.md
  ✓ Deletado: src/content/notas/2022/2022-06-21-172023.md
  ✓ Deletado: src/content/notas/2022/2022-07-12-060345.md
  ✓ Deletado: src/content/notas/2022/2022-08-02-133821.md
  ✓ Deletado: src/content/notas/2022/2022-08-19-003323.md
  ✓ Deletado: src/content/notas/2022/2022-08-21-201634.md
  ✓ Deletado: src/content/notas/2022/2022-08-27-171503.md
  ✓ Deletado: src/content/notas/2022/2022-09-02-100212.md
  ✓ Deletado: src/content/notas/2022/2022-09-19-190009.md
  ✓ Deletado: src/content/notas/2022/2022-10-14-161615.md
  ✓ Deletado: src/content/notas/2022/2022-11-19-190054.md
  ✓ Deletado: src/content/notas/2022/2022-11-20-005744.md
  ✓ Deletado: src/content/notas/2022/2022-12-08-054404.md
  ✓ Deletado: src/content/notas/2022/2022-12-10-163524.md
  ✓ Deletado: src/content/notas/2023/2023-01-01-163559.md
  ✓ Deletado: src/content/notas/2023/2023-01-14-203431.md
  ✓ Deletado: src/content/notas/2023/2023-06-06-121135.md
  ✓ Deletado: src/content/notas/2023/2023-06-16-152609.md
  ✓ Deletado: src/content/notas/2023/2023-11-04-171925.md
  ✓ Deletado: src/content/notas/2023/2023-11-16-124227.md
  ✓ Deletado: src/content/notas/2023/2023-12-01-100108.md
  ✓ Deletado: src/content/notas/2024/2024-01-04-105647.md
  ✓ Deletado: src/content/notas/2024/2024-01-15-200932.md
  ✓ Deletado: src/content/notas/2024/2024-02-06-115438.md
  ✓ Deletado: src/content/notas/2024/2024-02-17-162310.md
  ✓ Deletado: src/content/notas/2024/2024-02-21-205032.md
  ✓ Deletado: src/content/notas/2024/2024-02-26-134841.md
  ✓ Deletado: src/content/notas/2024/2024-02-28-205833.md
  ✓ Deletado: src/content/notas/2024/2024-03-11-121854.md
  ✓ Deletado: src/content/notas/2024/2024-03-31-130313.md
  ✓ Deletado: src/content/notas/2024/2024-04-15-094217.md
  ✓ Deletado: src/content/notas/2024/2024-05-02-095942.md
  ✓ Deletado: src/content/notas/2024/2024-05-07-204418.md
  ✓ Deletado: src/content/notas/2024/2024-06-04-061411.md

✅ 136 arquivo(s) deletado(s)!
